<?xml version="1.0" encoding="utf-8"?><testsuites name="pytest tests"><testsuite name="pytest" errors="0" failures="1" skipped="0" tests="17" time="18.683" timestamp="2026-04-12T18:47:53.198170+00:00" hostname="agent-env-eb228d18-4d59-45e7-8a8d-01322ed7fdd9"><testcase classname="tests.test_backend_api.TestAuth" name="test_signup_new_user" time="0.379" /><testcase classname="tests.test_backend_api.TestAuth" name="test_signup_duplicate_email" time="0.526" /><testcase classname="tests.test_backend_api.TestAuth" name="test_login_success" time="0.723" /><testcase classname="tests.test_backend_api.TestAuth" name="test_login_invalid_credentials" time="0.108" /><testcase classname="tests.test_backend_api.TestAuth" name="test_get_me_with_valid_token" time="0.818" /><testcase classname="tests.test_backend_api.TestAuth" name="test_get_me_without_token" time="0.108" /><testcase classname="tests.test_backend_api.TestRestaurants" name="test_get_all_restaurants" time="0.131" /><testcase classname="tests.test_backend_api.TestRestaurants" name="test_get_featured_restaurants" time="0.111" /><testcase classname="tests.test_backend_api.TestRestaurants" name="test_get_restaurant_by_id" time="0.213" /><testcase classname="tests.test_backend_api.TestRestaurants" name="test_get_restaurant_invalid_id" time="0.136" /><testcase classname="tests.test_backend_api.TestRestaurants" name="test_get_restaurant_menu" time="0.218" /><testcase classname="tests.test_backend_api.TestOrders" name="test_create_order" time="1.171" /><testcase classname="tests.test_backend_api.TestOrders" name="test_create_order_without_auth" time="0.107" /><testcase classname="tests.test_backend_api.TestOrders" name="test_get_user_orders" time="0.598" /><testcase classname="tests.test_backend_api.TestAIFeatures" name="test_ai_randomizer" time="3.447"><failure message="AssertionError: AI randomizer failed: Internal Server Error&#10;assert 500 == 200&#10; +  where 500 = &lt;Response [500]&gt;.status_code">tests/test_backend_api.py:322: in test_ai_randomizer
    assert response.status_code == 200, f"AI randomizer failed: {response.text}"
E   AssertionError: AI randomizer failed: Internal Server Error
E   assert 500 == 200
E    +  where 500 = &lt;Response [500]&gt;.status_code</failure></testcase><testcase classname="tests.test_backend_api.TestAIFeatures" name="test_mood_suggestions" time="4.888" /><testcase classname="tests.test_backend_api.TestAIFeatures" name="test_ai_recommendations_with_auth" time="4.895" /></testsuite></testsuites>