<?xml version="1.0" encoding="utf-8"?><testsuites name="pytest tests"><testsuite name="pytest" errors="0" failures="1" skipped="0" tests="11" time="2.357" timestamp="2026-04-12T21:21:02.123876+00:00" hostname="agent-env-eb228d18-4d59-45e7-8a8d-01322ed7fdd9"><testcase classname="backend.tests.test_no_limit_delivery.TestAuth" name="test_login_with_test_credentials" time="0.388" /><testcase classname="backend.tests.test_no_limit_delivery.TestServices" name="test_get_services_returns_4_categories" time="0.137" /><testcase classname="backend.tests.test_no_limit_delivery.TestRestaurants" name="test_get_restaurants_returns_8_providers" time="0.151" /><testcase classname="backend.tests.test_no_limit_delivery.TestRestaurants" name="test_filter_by_service_type_food" time="0.100" /><testcase classname="backend.tests.test_no_limit_delivery.TestRestaurants" name="test_filter_by_service_type_laundry" time="0.110" /><testcase classname="backend.tests.test_no_limit_delivery.TestRestaurants" name="test_filter_by_service_type_parcel" time="0.138" /><testcase classname="backend.tests.test_no_limit_delivery.TestRestaurants" name="test_filter_by_service_type_florist" time="0.123" /><testcase classname="backend.tests.test_no_limit_delivery.TestRestaurants" name="test_restaurant_has_zar_price_range" time="0.101" /><testcase classname="backend.tests.test_no_limit_delivery.TestMenu" name="test_get_menu_returns_items_with_zar_prices" time="0.249" /><testcase classname="backend.tests.test_no_limit_delivery.TestOrders" name="test_create_order_with_zar_pricing" time="0.644"><failure message="AssertionError: Delivery fee should be R25, got R3.99&#10;assert 21.009999999999998 &lt; 0.01&#10; +  where 21.009999999999998 = abs((3.99 - 25.0))">backend/tests/test_no_limit_delivery.py:246: in test_create_order_with_zar_pricing
    assert abs(data["delivery_fee"] - expected_delivery) &lt; 0.01, f"Delivery fee should be R25, got R{data['delivery_fee']}"
E   AssertionError: Delivery fee should be R25, got R3.99
E   assert 21.009999999999998 &lt; 0.01
E    +  where 21.009999999999998 = abs((3.99 - 25.0))</failure></testcase><testcase classname="backend.tests.test_no_limit_delivery.TestCuisineCategories" name="test_categories_match_requirements" time="0.105" /></testsuite></testsuites>